<?xml version="1.0" encoding="UTF-8"?>
<!-- Generated by org.testng.reporters.JUnitReportReporter -->
<testsuite hostname="Girish" name="script.TestAmazon" tests="1" failures="0" timestamp="31 Mar 2019 18:35:14 GMT" time="27.931" errors="0">
  <testcase name="testflipkart" time="27.931" classname="script.TestAmazon"/>
</testsuite> <!-- script.TestAmazon -->
